-------------------------------------------------------------------------------
Test set: BolsaComprasTest
-------------------------------------------------------------------------------
Tests run: 4, Failures: 1, Errors: 0, Skipped: 0, Time elapsed: 0.117 s <<< FAILURE! - in BolsaComprasTest
BolsaComprasTest.testTotalImporte  Time elapsed: 0.014 s  <<< FAILURE!
org.opentest4j.AssertionFailedError: El total importe no es correcto. ==> expected: <250.0> but was: <300.0>
	at BolsaComprasTest.testTotalImporte(BolsaComprasTest.java:97)

