<?xml version="1.0" encoding="UTF-8"?>
<testsuite xmlns:xsi="http://www.w3.org/2001/XMLSchema-instance" xsi:noNamespaceSchemaLocation="https://maven.apache.org/surefire/maven-surefire-plugin/xsd/surefire-test-report-3.0.xsd" version="3.0" name="testComprobarIngreso" time="3.192" tests="1" errors="0" skipped="0" failures="0">
  <properties>
[...]
</properties>
  <testcase name="testComprobarIngresoEstudiante" classname="testComprobarIngreso" time="3.19">
    <system-out><![CDATA[[EL Fine]: server: 2024-11-12 14:06:37.717--Thread(Thread[main,5,main])--Configured server platform: org.eclipse.persistence.platform.server.NoServerPlatform
[EL Config]: metadata: 2024-11-12 14:06:38.054--ServerSession(127791068)--Thread(Thread[main,5,main])--The access type for the persistent class [class Negocio.Usuario] is set to [FIELD].
[EL Config]: metadata: 2024-11-12 14:06:38.1--ServerSession(127791068)--Thread(Thread[main,5,main])--The access type for the persistent class [class Negocio.Profesor] is set to [FIELD].
[EL Config]: metadata: 2024-11-12 14:06:38.11--ServerSession(127791068)--Thread(Thread[main,5,main])--The target entity (reference) class for the one to many mapping element [field lista] is being defaulted to: class Negocio.Curso.
[EL Config]: metadata: 2024-11-12 14:06:38.111--ServerSession(127791068)--Thread(Thread[main,5,main])--The access type for the persistent class [class Negocio.Curso] is set to [FIELD].
[EL Config]: metadata: 2024-11-12 14:06:38.116--ServerSession(127791068)--Thread(Thread[main,5,main])--The target entity (reference) class for the many to one mapping element [field profesor] is being defaulted to: class Negocio.Profesor.
[EL Config]: metadata: 2024-11-12 14:06:38.117--ServerSession(127791068)--Thread(Thread[main,5,main])--The target entity (reference) class for the one to many mapping element [field inscritos] is being defaulted to: class Negocio.Inscripcion.
[EL Config]: metadata: 2024-11-12 14:06:38.117--ServerSession(127791068)--Thread(Thread[main,5,main])--The access type for the persistent class [class Negocio.bolsa_Compras] is set to [FIELD].
[EL Config]: metadata: 2024-11-12 14:06:38.117--ServerSession(127791068)--Thread(Thread[main,5,main])--The target entity (reference) class for the one to one mapping element [field estudiante] is being defaulted to: class Negocio.Estudiante.
[EL Config]: metadata: 2024-11-12 14:06:38.119--ServerSession(127791068)--Thread(Thread[main,5,main])--The target entity (reference) class for the many to many mapping element [field cursos] is being defaulted to: class Negocio.Curso.
[EL Config]: metadata: 2024-11-12 14:06:38.12--ServerSession(127791068)--Thread(Thread[main,5,main])--The access type for the persistent class [class Negocio.Inscripcion] is set to [FIELD].
[EL Config]: metadata: 2024-11-12 14:06:38.12--ServerSession(127791068)--Thread(Thread[main,5,main])--The target entity (reference) class for the many to one mapping element [field estudiante] is being defaulted to: class Negocio.Estudiante.
[EL Config]: metadata: 2024-11-12 14:06:38.12--ServerSession(127791068)--Thread(Thread[main,5,main])--The target entity (reference) class for the many to one mapping element [field curso] is being defaulted to: class Negocio.Curso.
[EL Config]: metadata: 2024-11-12 14:06:38.12--ServerSession(127791068)--Thread(Thread[main,5,main])--The access type for the persistent class [class Negocio.Estudiante] is set to [FIELD].
[EL Config]: metadata: 2024-11-12 14:06:38.121--ServerSession(127791068)--Thread(Thread[main,5,main])--The target entity (reference) class for the one to many mapping element [field inscripcion] is being defaulted to: class Negocio.Inscripcion.
[EL Config]: metadata: 2024-11-12 14:06:38.121--ServerSession(127791068)--Thread(Thread[main,5,main])--The target entity (reference) class for the one to many mapping element [field boletas] is being defaulted to: class Negocio.Boleta.
[EL Config]: metadata: 2024-11-12 14:06:38.121--ServerSession(127791068)--Thread(Thread[main,5,main])--The access type for the persistent class [class Negocio.Boleta] is set to [FIELD].
[EL Config]: metadata: 2024-11-12 14:06:38.122--ServerSession(127791068)--Thread(Thread[main,5,main])--The target entity (reference) class for the many to one mapping element [field estudiante] is being defaulted to: class Negocio.Estudiante.
[EL Config]: metadata: 2024-11-12 14:06:38.123--ServerSession(127791068)--Thread(Thread[main,5,main])--The target entity (reference) class for the many to one mapping element [field curso] is being defaulted to: class Negocio.Curso.
[EL Config]: metadata: 2024-11-12 14:06:38.123--ServerSession(127791068)--Thread(Thread[main,5,main])--The access type for the persistent class [class Negocio.Reseña] is set to [FIELD].
[EL Config]: metadata: 2024-11-12 14:06:38.123--ServerSession(127791068)--Thread(Thread[main,5,main])--The target entity (reference) class for the one to one mapping element [field estudiante] is being defaulted to: class Negocio.Estudiante.
[EL Config]: metadata: 2024-11-12 14:06:38.124--ServerSession(127791068)--Thread(Thread[main,5,main])--The target entity (reference) class for the one to one mapping element [field curso] is being defaulted to: class Negocio.Curso.
[EL Config]: metadata: 2024-11-12 14:06:38.124--ServerSession(127791068)--Thread(Thread[main,5,main])--The alias name for the entity class [class Negocio.Profesor] is being defaulted to: Profesor.
[EL Config]: metadata: 2024-11-12 14:06:38.124--ServerSession(127791068)--Thread(Thread[main,5,main])--The alias name for the entity class [class Negocio.Usuario] is being defaulted to: Usuario.
[EL Config]: metadata: 2024-11-12 14:06:38.125--ServerSession(127791068)--Thread(Thread[main,5,main])--The table name for entity [class Negocio.Usuario] is being defaulted to: USUARIO.
[EL Config]: metadata: 2024-11-12 14:06:38.176--ServerSession(127791068)--Thread(Thread[main,5,main])--The column name for element [Nombre] is being defaulted to: NOMBRE.
[EL Config]: metadata: 2024-11-12 14:06:38.177--ServerSession(127791068)--Thread(Thread[main,5,main])--The column name for element [codigo] is being defaulted to: CODIGO.
[EL Config]: metadata: 2024-11-12 14:06:38.177--ServerSession(127791068)--Thread(Thread[main,5,main])--The column name for element [Apellido] is being defaulted to: APELLIDO.
[EL Config]: metadata: 2024-11-12 14:06:38.177--ServerSession(127791068)--Thread(Thread[main,5,main])--The column name for element [contrasenia] is being defaulted to: CONTRASENIA.
[EL Config]: metadata: 2024-11-12 14:06:38.178--ServerSession(127791068)--Thread(Thread[main,5,main])--The column name for element [email] is being defaulted to: EMAIL.
[EL Config]: metadata: 2024-11-12 14:06:38.178--ServerSession(127791068)--Thread(Thread[main,5,main])--The table name for entity [class Negocio.Profesor] is being defaulted to: PROFESOR.
[EL Config]: metadata: 2024-11-12 14:06:38.179--ServerSession(127791068)--Thread(Thread[main,5,main])--The column name for element [Nombre] is being defaulted to: NOMBRE.
[EL Config]: metadata: 2024-11-12 14:06:38.18--ServerSession(127791068)--Thread(Thread[main,5,main])--The column name for element [codigo] is being defaulted to: CODIGO.
[EL Config]: metadata: 2024-11-12 14:06:38.181--ServerSession(127791068)--Thread(Thread[main,5,main])--The column name for element [experiancia] is being defaulted to: EXPERIANCIA.
[EL Config]: metadata: 2024-11-12 14:06:38.181--ServerSession(127791068)--Thread(Thread[main,5,main])--The column name for element [Carrera] is being defaulted to: CARRERA.
[EL Config]: metadata: 2024-11-12 14:06:38.182--ServerSession(127791068)--Thread(Thread[main,5,main])--The column name for element [Apellido] is being defaulted to: APELLIDO.
[EL Config]: metadata: 2024-11-12 14:06:38.182--ServerSession(127791068)--Thread(Thread[main,5,main])--The column name for element [contrasenia] is being defaulted to: CONTRASENIA.
[EL Config]: metadata: 2024-11-12 14:06:38.182--ServerSession(127791068)--Thread(Thread[main,5,main])--The column name for element [email] is being defaulted to: EMAIL.
[EL Config]: metadata: 2024-11-12 14:06:38.183--ServerSession(127791068)--Thread(Thread[main,5,main])--The alias name for the entity class [class Negocio.Curso] is being defaulted to: Curso.
[EL Config]: metadata: 2024-11-12 14:06:38.183--ServerSession(127791068)--Thread(Thread[main,5,main])--The table name for entity [class Negocio.Curso] is being defaulted to: CURSO.
[EL Config]: metadata: 2024-11-12 14:06:38.184--ServerSession(127791068)--Thread(Thread[main,5,main])--The column name for element [descripcion] is being defaulted to: DESCRIPCION.
[EL Config]: metadata: 2024-11-12 14:06:38.185--ServerSession(127791068)--Thread(Thread[main,5,main])--The column name for element [codigo] is being defaulted to: CODIGO.
[EL Config]: metadata: 2024-11-12 14:06:38.186--ServerSession(127791068)--Thread(Thread[main,5,main])--The column name for element [precio] is being defaulted to: PRECIO.
[EL Config]: metadata: 2024-11-12 14:06:38.187--ServerSession(127791068)--Thread(Thread[main,5,main])--The column name for element [subtitulo] is being defaulted to: SUBTITULO.
[EL Config]: metadata: 2024-11-12 14:06:38.187--ServerSession(127791068)--Thread(Thread[main,5,main])--The column name for element [imagen] is being defaulted to: IMAGEN.
[EL Config]: metadata: 2024-11-12 14:06:38.206--ServerSession(127791068)--Thread(Thread[main,5,main])--The column name for element [nombre] is being defaulted to: NOMBRE.
[EL Config]: metadata: 2024-11-12 14:06:38.207--ServerSession(127791068)--Thread(Thread[main,5,main])--The alias name for the entity class [class Negocio.bolsa_Compras] is being defaulted to: bolsa_Compras.
[EL Config]: metadata: 2024-11-12 14:06:38.207--ServerSession(127791068)--Thread(Thread[main,5,main])--The table name for entity [class Negocio.bolsa_Compras] is being defaulted to: BOLSA_COMPRAS.
[EL Config]: metadata: 2024-11-12 14:06:38.208--ServerSession(127791068)--Thread(Thread[main,5,main])--The column name for element [id] is being defaulted to: ID.
[EL Config]: metadata: 2024-11-12 14:06:38.208--ServerSession(127791068)--Thread(Thread[main,5,main])--The alias name for the entity class [class Negocio.Inscripcion] is being defaulted to: Inscripcion.
[EL Config]: metadata: 2024-11-12 14:06:38.209--ServerSession(127791068)--Thread(Thread[main,5,main])--The table name for entity [class Negocio.Inscripcion] is being defaulted to: INSCRIPCION.
[EL Config]: metadata: 2024-11-12 14:06:38.209--ServerSession(127791068)--Thread(Thread[main,5,main])--The column name for element [calificacion] is being defaulted to: CALIFICACION.
[EL Config]: metadata: 2024-11-12 14:06:38.21--ServerSession(127791068)--Thread(Thread[main,5,main])--The column name for element [code] is being defaulted to: CODE.
[EL Config]: metadata: 2024-11-12 14:06:38.21--ServerSession(127791068)--Thread(Thread[main,5,main])--The alias name for the entity class [class Negocio.Estudiante] is being defaulted to: Estudiante.
[EL Config]: metadata: 2024-11-12 14:06:38.21--ServerSession(127791068)--Thread(Thread[main,5,main])--The table name for entity [class Negocio.Estudiante] is being defaulted to: ESTUDIANTE.
[EL Config]: metadata: 2024-11-12 14:06:38.211--ServerSession(127791068)--Thread(Thread[main,5,main])--The column name for element [Nombre] is being defaulted to: NOMBRE.
[EL Config]: metadata: 2024-11-12 14:06:38.212--ServerSession(127791068)--Thread(Thread[main,5,main])--The column name for element [codigo] is being defaulted to: CODIGO.
[EL Config]: metadata: 2024-11-12 14:06:38.212--ServerSession(127791068)--Thread(Thread[main,5,main])--The column name for element [Universidad] is being defaulted to: UNIVERSIDAD.
[EL Config]: metadata: 2024-11-12 14:06:38.213--ServerSession(127791068)--Thread(Thread[main,5,main])--The column name for element [Apellido] is being defaulted to: APELLIDO.
[EL Config]: metadata: 2024-11-12 14:06:38.213--ServerSession(127791068)--Thread(Thread[main,5,main])--The column name for element [contrasenia] is being defaulted to: CONTRASENIA.
[EL Config]: metadata: 2024-11-12 14:06:38.214--ServerSession(127791068)--Thread(Thread[main,5,main])--The column name for element [email] is being defaulted to: EMAIL.
[EL Config]: metadata: 2024-11-12 14:06:38.214--ServerSession(127791068)--Thread(Thread[main,5,main])--The alias name for the entity class [class Negocio.Boleta] is being defaulted to: Boleta.
[EL Config]: metadata: 2024-11-12 14:06:38.214--ServerSession(127791068)--Thread(Thread[main,5,main])--The table name for entity [class Negocio.Boleta] is being defaulted to: BOLETA.
[EL Config]: metadata: 2024-11-12 14:06:38.215--ServerSession(127791068)--Thread(Thread[main,5,main])--The column name for element [paymentIntentId] is being defaulted to: PAYMENTINTENTID.
[EL Config]: metadata: 2024-11-12 14:06:38.215--ServerSession(127791068)--Thread(Thread[main,5,main])--The column name for element [descripcion] is being defaulted to: DESCRIPCION.
[EL Config]: metadata: 2024-11-12 14:06:38.216--ServerSession(127791068)--Thread(Thread[main,5,main])--The column name for element [monto] is being defaulted to: MONTO.
[EL Config]: metadata: 2024-11-12 14:06:38.216--ServerSession(127791068)--Thread(Thread[main,5,main])--The column name for element [fechaTransaccion] is being defaulted to: FECHATRANSACCION.
[EL Config]: metadata: 2024-11-12 14:06:38.217--ServerSession(127791068)--Thread(Thread[main,5,main])--The column name for element [paymentMethodId] is being defaulted to: PAYMENTMETHODID.
[EL Config]: metadata: 2024-11-12 14:06:38.217--ServerSession(127791068)--Thread(Thread[main,5,main])--The column name for element [idBoleta] is being defaulted to: IDBOLETA.
[EL Config]: metadata: 2024-11-12 14:06:38.218--ServerSession(127791068)--Thread(Thread[main,5,main])--The column name for element [fechaCreacion] is being defaulted to: FECHACREACION.
[EL Config]: metadata: 2024-11-12 14:06:38.218--ServerSession(127791068)--Thread(Thread[main,5,main])--The column name for element [returnUrl] is being defaulted to: RETURNURL.
[EL Config]: metadata: 2024-11-12 14:06:38.218--ServerSession(127791068)--Thread(Thread[main,5,main])--The column name for element [estadoPago] is being defaulted to: ESTADOPAGO.
[EL Config]: metadata: 2024-11-12 14:06:38.219--ServerSession(127791068)--Thread(Thread[main,5,main])--The alias name for the entity class [class Negocio.Reseña] is being defaulted to: Reseña.
[EL Config]: metadata: 2024-11-12 14:06:38.219--ServerSession(127791068)--Thread(Thread[main,5,main])--The table name for entity [class Negocio.Reseña] is being defaulted to: RESEÑA.
[EL Config]: metadata: 2024-11-12 14:06:38.22--ServerSession(127791068)--Thread(Thread[main,5,main])--The column name for element [id] is being defaulted to: ID.
[EL Config]: metadata: 2024-11-12 14:06:38.22--ServerSession(127791068)--Thread(Thread[main,5,main])--The column name for element [comentario] is being defaulted to: COMENTARIO.
[EL Config]: metadata: 2024-11-12 14:06:38.258--ServerSession(127791068)--Thread(Thread[main,5,main])--The primary key column name for the mapping element [field profesor] is being defaulted to: CODIGO.
[EL Config]: metadata: 2024-11-12 14:06:38.259--ServerSession(127791068)--Thread(Thread[main,5,main])--The primary key column name for the mapping element [field estudiante] is being defaulted to: CODIGO.
[EL Config]: metadata: 2024-11-12 14:06:38.259--ServerSession(127791068)--Thread(Thread[main,5,main])--The foreign key column name for the mapping element [estudiante] is being defaulted to: ESTUDIANTE_CODIGO.
[EL Config]: metadata: 2024-11-12 14:06:38.286--ServerSession(127791068)--Thread(Thread[main,5,main])--The source primary key column name for the many to many mapping [field cursos] is being defaulted to: ID.
[EL Config]: metadata: 2024-11-12 14:06:38.286--ServerSession(127791068)--Thread(Thread[main,5,main])--The target primary key column name for the many to many mapping [field cursos] is being defaulted to: CODIGO.
[EL Config]: metadata: 2024-11-12 14:06:38.287--ServerSession(127791068)--Thread(Thread[main,5,main])--The primary key column name for the mapping element [field estudiante] is being defaulted to: CODIGO.
[EL Config]: metadata: 2024-11-12 14:06:38.287--ServerSession(127791068)--Thread(Thread[main,5,main])--The primary key column name for the mapping element [field curso] is being defaulted to: CODIGO.
[EL Config]: metadata: 2024-11-12 14:06:38.288--ServerSession(127791068)--Thread(Thread[main,5,main])--The primary key column name for the mapping element [field estudiante] is being defaulted to: CODIGO.
[EL Config]: metadata: 2024-11-12 14:06:38.288--ServerSession(127791068)--Thread(Thread[main,5,main])--The primary key column name for the mapping element [field curso] is being defaulted to: CODIGO.
[EL Config]: metadata: 2024-11-12 14:06:38.288--ServerSession(127791068)--Thread(Thread[main,5,main])--The primary key column name for the mapping element [field estudiante] is being defaulted to: CODIGO.
[EL Config]: metadata: 2024-11-12 14:06:38.289--ServerSession(127791068)--Thread(Thread[main,5,main])--The foreign key column name for the mapping element [estudiante] is being defaulted to: ESTUDIANTE_CODIGO.
[EL Config]: metadata: 2024-11-12 14:06:38.289--ServerSession(127791068)--Thread(Thread[main,5,main])--The primary key column name for the mapping element [field curso] is being defaulted to: CODIGO.
[EL Config]: metadata: 2024-11-12 14:06:38.29--ServerSession(127791068)--Thread(Thread[main,5,main])--The foreign key column name for the mapping element [curso] is being defaulted to: CURSO_CODIGO.
[EL Info]: 2024-11-12 14:06:38.528--ServerSession(127791068)--Thread(Thread[main,5,main])--EclipseLink, version: Eclipse Persistence Services - 2.7.12.v20230209-e5c4074ef3
[EL Fine]: connection: 2024-11-12 14:06:39.403--Thread(Thread[main,5,main])--Detected database platform: org.eclipse.persistence.platform.database.SQLServerPlatform
[EL Fine]: connection: 2024-11-12 14:06:39.415--ServerSession(127791068)--Connection(1837601499)--Thread(Thread[main,5,main])--connecting(DatabaseLogin(
	platform=>SQLServerPlatform
	user name=> "userfrank"
	datasource URL=> "jdbc:sqlserver://localhost:1433;databaseName=plataforma;encrypt=true;trustServerCertificate=true"
))
[EL Config]: connection: 2024-11-12 14:06:39.575--ServerSession(127791068)--Connection(1139609587)--Thread(Thread[main,5,main])--Connected: jdbc:sqlserver://localhost:1433;connectRetryInterval=10;connectRetryCount=1;maxResultBuffer=-1;sendTemporalDataTypesAsStringForBulkCopy=true;delayLoadingLobs=true;useFmtOnly=false;useBulkCopyForBatchInsert=false;cancelQueryTimeout=-1;sslProtocol=TLS;jaasConfigurationName=SQLJDBCDriver;statementPoolingCacheSize=0;serverPreparedStatementDiscardThreshold=10;enablePrepareOnFirstPreparedStatementCall=false;fips=false;socketTimeout=0;authentication=NotSpecified;authenticationScheme=nativeAuthentication;xopenStates=false;sendTimeAsDatetime=true;replication=false;trustStoreType=JKS;trustServerCertificate=true;TransparentNetworkIPResolution=true;serverNameAsACE=false;sendStringParametersAsUnicode=true;selectMethod=direct;responseBuffering=adaptive;queryTimeout=-1;packetSize=8000;multiSubnetFailover=false;loginTimeout=15;lockTimeout=-1;lastUpdateCount=true;encrypt=true;disableStatementPooling=true;databaseName=plataforma;columnEncryptionSetting=Disabled;applicationName=Microsoft JDBC Driver for SQL Server;applicationIntent=readwrite;
	User: userfrank
	Database: Microsoft SQL Server  Version: 16.00.1130
	Driver: Microsoft JDBC Driver 10.2 for SQL Server  Version: 10.2.0.0
[EL Fine]: connection: 2024-11-12 14:06:39.664--ServerSession(127791068)--Thread(Thread[main,5,main])--/file:/C:/Users/Frank/Documents/NetBeansProjects/practica3/target/classes/_plataformaPU login successful
[EL Fine]: moxy: 2024-11-12 14:06:39.791--Thread(Thread[main,5,main])--SAXParserFactory instance: com.sun.org.apache.xerces.internal.jaxp.SAXParserFactoryImpl@f5c79a6
[EL Fine]: moxy: 2024-11-12 14:06:39.806--Thread(Thread[main,5,main])--SAXParserFactory instance: com.sun.org.apache.xerces.internal.jaxp.SAXParserFactoryImpl@51a06cbe
[EL Fine]: moxy: 2024-11-12 14:06:39.825--Thread(Thread[main,5,main])--SAXParserFactory instance: com.sun.org.apache.xerces.internal.jaxp.SAXParserFactoryImpl@344561e0
[EL Fine]: moxy: 2024-11-12 14:06:39.845--Thread(Thread[main,5,main])--SAXParserFactory instance: com.sun.org.apache.xerces.internal.jaxp.SAXParserFactoryImpl@4d9d1b69
[EL Fine]: moxy: 2024-11-12 14:06:39.865--Thread(Thread[main,5,main])--SAXParserFactory instance: com.sun.org.apache.xerces.internal.jaxp.SAXParserFactoryImpl@77b21474
[EL Fine]: moxy: 2024-11-12 14:06:39.884--Thread(Thread[main,5,main])--SAXParserFactory instance: com.sun.org.apache.xerces.internal.jaxp.SAXParserFactoryImpl@1fe8d51b
[EL Fine]: moxy: 2024-11-12 14:06:39.901--Thread(Thread[main,5,main])--SAXParserFactory instance: com.sun.org.apache.xerces.internal.jaxp.SAXParserFactoryImpl@60d84f61
[EL Fine]: sql: 2024-11-12 14:06:40.334--ServerSession(127791068)--Connection(1139609587)--Thread(Thread[main,5,main])--SELECT CODIGO, APELLIDO, NOMBRE, UNIVERSIDAD, CONTRASENIA, EMAIL FROM ESTUDIANTE
]]></system-out>
  </testcase>
</testsuite>